<?xml version="1.0" encoding="UTF-8"?>
<!-- Generated by org.testng.reporters.JUnitXMLReporter -->
<testsuite hostname="ada2-PC" name="TS01" tests="4" failures="0" timestamp="20 Jul 2015 07:07:48 GMT" time="53.192" errors="0">
  <testcase name="testHomePage" time="13.043" classname="com.iitbombayX.TS01.TS01_TC01"/>
  <testcase name="testHomeFooterNav" time="6.515" classname="com.iitbombayX.TS01.TS01_TC02"/>
  <testcase name="text_onPage" time="1.369" classname="com.iitbombayX.TS01.TS01_TC03"/>
  <testcase name="check_content" time="0.496" classname="com.iitbombayX.TS01.TS01_TC04"/>
</testsuite> <!-- TS01 -->
