<?xml version="1.0" encoding="UTF-8"?>
<!-- Generated by org.testng.reporters.JUnitXMLReporter -->
<testsuite hostname="ada2-PC" name="TS01" tests="4" failures="0" timestamp="20 Jul 2015 10:38:36 GMT" time="51.934" errors="0">
  <testcase name="testHomePage" time="11.239" classname="com.iitbombayX.TS01.TS01_TC01"/>
  <testcase name="testHomeFooterNav" time="10.792" classname="com.iitbombayX.TS01.TS01_TC02"/>
  <testcase name="text_onPage" time="1.42" classname="com.iitbombayX.TS01.TS01_TC03"/>
  <testcase name="check_content" time="0.445" classname="com.iitbombayX.TS01.TS01_TC04"/>
</testsuite> <!-- TS01 -->
