<?xml version="1.0" encoding="UTF-8"?>
<!-- Generated by org.testng.reporters.JUnitXMLReporter -->
<testsuite hostname="ada2-PC" name="TS02" tests="5" failures="0" timestamp="20 Jul 2015 10:39:39 GMT" time="63.13" errors="0">
  <testcase name="testHomeToFaqHeadernavLink" time="12.569" classname="com.iitbombayX.TS02.TS02_TC01"/>
  <testcase name="testFAQFooter" time="8.203" classname="com.iitbombayX.TS02.TS02_TC02"/>
  <testcase name="faqOf_FaqPage" time="0.336" classname="com.iitbombayX.TS02.TS02_TC03"/>
  <testcase name="FAQ_content_page" time="1.17" classname="com.iitbombayX.TS02.TS02_TC04"/>
  <testcase name="testFAQLeftPanel" time="6.998" classname="com.iitbombayX.TS02.TS02_TC05"/>
</testsuite> <!-- TS02 -->
