<?xml version="1.0" encoding="UTF-8"?>
<!-- Generated by org.testng.reporters.JUnitXMLReporter -->
<testsuite hostname="ada2-PC" name="TS02" tests="5" failures="0" timestamp="20 Jul 2015 07:08:46 GMT" time="58.115" errors="0">
  <testcase name="testHomeToFaqHeadernavLink" time="12.37" classname="com.iitbombayX.TS02.TS02_TC01"/>
  <testcase name="testFAQFooter" time="4.409" classname="com.iitbombayX.TS02.TS02_TC02"/>
  <testcase name="faqOf_FaqPage" time="0.266" classname="com.iitbombayX.TS02.TS02_TC03"/>
  <testcase name="FAQ_content_page" time="1.121" classname="com.iitbombayX.TS02.TS02_TC04"/>
  <testcase name="testFAQLeftPanel" time="6.973" classname="com.iitbombayX.TS02.TS02_TC05"/>
</testsuite> <!-- TS02 -->
