<?xml version="1.0" encoding="UTF-8"?>
<!-- Generated by org.testng.reporters.JUnitXMLReporter -->
<testsuite hostname="ada2-PC" name="TS03" tests="3" failures="0" timestamp="20 Jul 2015 07:09:36 GMT" time="49.565" errors="0">
  <testcase name="testHomeFooterNav" time="5.893" classname="com.iitbombayX.TS03.TS03_TC02"/>
  <testcase name="testLoginPage" time="3.95" classname="com.iitbombayX.TS03.TS03_TC05"/>
  <testcase name="testResetPassword" time="19.052" classname="com.iitbombayX.TS03.TS03_TC06"/>
</testsuite> <!-- TS03 -->
