<?xml version="1.0" encoding="UTF-8"?>
<!-- Generated by org.testng.reporters.JUnitXMLReporter -->
<testsuite hostname="ada2-PC" name="TS03" tests="4" failures="0" timestamp="27 Jul 2015 11:45:43 GMT" time="66.6" errors="0">
  <testcase name="testHeaderLink" time="12.123" classname="com.iitbombayX.TS03.TS03_TC01"/>
  <testcase name="testHomeFooterNav" time="6.395" classname="com.iitbombayX.TS03.TS03_TC02"/>
  <testcase name="testLoginPage" time="3.958" classname="com.iitbombayX.TS03.TS03_TC05"/>
  <testcase name="testResetPassword" time="14.548" classname="com.iitbombayX.TS03.TS03_TC06"/>
</testsuite> <!-- TS03 -->
